MPASM  5.35                          ACT2.ASM   6-1-2023  17:54:37         PAGE  1


LOC  OBJECT CODE     LINE SOURCE TEXT
  VALUE

                      00001 ;label1st
                      00002  ;instruction2nd
                      00003   ;values3rd
                      00004 
                      00005  PROCESSOR 16F84A
                      00006 
Warning[205]: Found directive in column 1. (INCLUDE)
                      00007 INCLUDE <P16F84A.INC>
                      00001         LIST
                      00002 ; P16F84A.INC  Standard Header File, Version 2.00    Microchip Technology, Inc.
                      00134         LIST
Warning[205]: Found directive in column 1. (__CONFIG)
2007   3FF9           00008 __CONFIG _XT_OSC &_WDT_OFF
                      00009 
Warning[205]: Found directive in column 1. (ORG)
0100                  00010 ORG 100H
                      00011 
Warning[203]: Found opcode in column 1. (BSF)
0100   1683           00012 BSF STATUS, RP0
Warning[203]: Found opcode in column 1. (MOVLW)
0101   3000           00013 MOVLW B'00000000'
Warning[203]: Found opcode in column 1. (MOVWF)
Message[302]: Register in operand not in bank 0.  Ensure that bank bits are correct.
0102   0086           00014 MOVWF TRISB
Warning[203]: Found opcode in column 1. (MOVLW)
0103   3000           00015 MOVLW B'00000'
Warning[203]: Found opcode in column 1. (MOVWF)
Message[302]: Register in operand not in bank 0.  Ensure that bank bits are correct.
0104   0085           00016 MOVWF TRISA
Warning[203]: Found opcode in column 1. (BCF)
0105   1283           00017 BCF STATUS, RP0
                      00018 
0106                  00019 START:
0106   3001           00020  MOVLW B'0001'
0107   0085           00021  MOVWF PORTA
0108   3008           00022  MOVLW B'00001000'
0109   0086           00023  MOVWF PORTB
                      00024 
010A   2906           00025  GOTO START
Warning[205]: Found directive in column 1. (END)
                      00026 END 
MPASM  5.35                          ACT2.ASM   6-1-2023  17:54:37         PAGE  2


SYMBOL TABLE
  LABEL                             VALUE 

C                                 00000000
DC                                00000001
EEADR                             00000009
EECON1                            00000088
EECON2                            00000089
EEDATA                            00000008
EEIE                              00000006
EEIF                              00000004
F                                 00000001
FSR                               00000004
GIE                               00000007
INDF                              00000000
INTCON                            0000000B
INTE                              00000004
INTEDG                            00000006
INTF                              00000001
IRP                               00000007
NOT_PD                            00000003
NOT_RBPU                          00000007
NOT_TO                            00000004
OPTION_REG                        00000081
PCL                               00000002
PCLATH                            0000000A
PORTA                             00000005
PORTB                             00000006
PS0                               00000000
PS1                               00000001
PS2                               00000002
PSA                               00000003
RBIE                              00000003
RBIF                              00000000
RD                                00000000
RP0                               00000005
RP1                               00000006
START                             00000106
STATUS                            00000003
T0CS                              00000005
T0IE                              00000005
T0IF                              00000002
T0SE                              00000004
TMR0                              00000001
TRISA                             00000085
TRISB                             00000086
W                                 00000000
WR                                00000001
WREN                              00000002
WRERR                             00000003
Z                                 00000002
_CP_OFF                           00003FFF
_CP_ON                            0000000F
_HS_OSC                           00003FFE
_LP_OSC                           00003FFC
_PWRTE_OFF                        00003FFF
MPASM  5.35                          ACT2.ASM   6-1-2023  17:54:37         PAGE  3


SYMBOL TABLE
  LABEL                             VALUE 

_PWRTE_ON                         00003FF7
_RC_OSC                           00003FFF
_WDT_OFF                          00003FFB
_WDT_ON                           00003FFF
_XT_OSC                           00003FFD
__16F84A                          00000001


MEMORY USAGE MAP ('X' = Used,  '-' = Unused)

0100 : XXXXXXXXXXX----- ---------------- ---------------- ----------------
2000 : -------X-------- ---------------- ---------------- ----------------

All other memory blocks unused.

Program Memory Words Used:    11
Program Memory Words Free:  1013


Errors   :     0
Warnings :    10 reported,     0 suppressed
Messages :     2 reported,     0 suppressed

